<?xml version="1.0" encoding="UTF-8"?>
<!-- Generated by org.testng.reporters.JUnitXMLReporter -->
<testsuite ignored="0" hostname="DESKTOP-HE9LB5U" failures="1" tests="1" name="Cucumber Test" time="5.463" errors="0" timestamp="2022-09-21T11:13:17 MSK">
  <testcase classname="io.cucumber.testng.AbstractTestNGCucumberTests" name="runScenario" time="3.266">
    <failure type="java.lang.AssertionError" message="data[0].avatar
Expected: hhttps://reqres.in/img/faces/7-image.jpg
     got: https://reqres.in/img/faces/7-image.jpg
">
      <![CDATA[java.lang.AssertionError: data[0].avatar
Expected: hhttps://reqres.in/img/faces/7-image.jpg
     got: https://reqres.in/img/faces/7-image.jpg

at org.skyscreamer.jsonassert.JSONAssert.assertEquals(JSONAssert.java:417)
at org.skyscreamer.jsonassert.JSONAssert.assertEquals(JSONAssert.java:394)
at definitions.StepDefinitions.positiveTest(StepDefinitions.java:28)
at âœ½.I get forecast(file:///C:/Users/lexey/IdeaProjects/Bolshakov_Task2/src/test/resources/features/PositiveTest.feature:4)
]]>
    </failure>
  </testcase> <!-- runScenario -->
</testsuite> <!-- Cucumber Test -->
