<?xml version="1.0" encoding="UTF-8"?>
<testng-results ignored="0" total="1" passed="0" failed="1" skipped="0">
  <reporter-output>
  </reporter-output>
  <suite started-at="2022-09-21T11:13:11 MSK" name="Suite" finished-at="2022-09-21T11:13:17 MSK" duration-ms="5463">
    <groups>
      <group name="cucumber">
        <method signature="AbstractTestNGCucumberTests.runScenario(io.cucumber.testng.PickleWrapper,io.cucumber.testng.FeatureWrapper)[pri:0, instance:runner.CucumberRunnerTests@1be59f28]" name="runScenario" class="io.cucumber.testng.AbstractTestNGCucumberTests"/>
      </group> <!-- cucumber -->
    </groups>
    <test started-at="2022-09-21T11:13:11 MSK" name="Cucumber Test" finished-at="2022-09-21T11:13:17 MSK" duration-ms="5463">
      <class name="runner.CucumberRunnerTests">
        <test-method is-config="true" signature="setUpClass(org.testng.ITestContext)[pri:0, instance:runner.CucumberRunnerTests@1be59f28]" started-at="2022-09-21T11:13:11 MSK" name="setUpClass" finished-at="2022-09-21T11:13:13 MSK" duration-ms="1372" status="PASS">
          <params>
            <param index="0">
              <value>
                <![CDATA[org.testng.TestRunner@121c1a08]]>
              </value>
            </param>
          </params>
          <reporter-output>
          </reporter-output>
        </test-method> <!-- setUpClass -->
        <test-method signature="runScenario(io.cucumber.testng.PickleWrapper,io.cucumber.testng.FeatureWrapper)[pri:0, instance:runner.CucumberRunnerTests@1be59f28]" started-at="2022-09-21T11:13:13 MSK" name="runScenario" description="Runs Cucumber Scenarios" data-provider="scenarios" finished-at="2022-09-21T11:13:16 MSK" duration-ms="3266" status="FAIL">
          <params>
            <param index="0">
              <value>
                <![CDATA[""]]>
              </value>
            </param>
            <param index="1">
              <value>
                <![CDATA["Getting forecast for cities"]]>
              </value>
            </param>
          </params>
          <exception class="java.lang.AssertionError">
            <message>
              <![CDATA[data[0].avatar
Expected: hhttps://reqres.in/img/faces/7-image.jpg
     got: https://reqres.in/img/faces/7-image.jpg
]]>
            </message>
            <full-stacktrace>
              <![CDATA[java.lang.AssertionError: data[0].avatar
Expected: hhttps://reqres.in/img/faces/7-image.jpg
     got: https://reqres.in/img/faces/7-image.jpg

at org.skyscreamer.jsonassert.JSONAssert.assertEquals(JSONAssert.java:417)
at org.skyscreamer.jsonassert.JSONAssert.assertEquals(JSONAssert.java:394)
at definitions.StepDefinitions.positiveTest(StepDefinitions.java:28)
at âœ½.I get forecast(file:///C:/Users/lexey/IdeaProjects/Bolshakov_Task2/src/test/resources/features/PositiveTest.feature:4)
]]>
            </full-stacktrace>
          </exception> <!-- java.lang.AssertionError -->
          <reporter-output>
          </reporter-output>
        </test-method> <!-- runScenario -->
        <test-method is-config="true" signature="tearDownClass()[pri:0, instance:runner.CucumberRunnerTests@1be59f28]" started-at="2022-09-21T11:13:16 MSK" name="tearDownClass" finished-at="2022-09-21T11:13:17 MSK" duration-ms="593" status="PASS">
          <reporter-output>
          </reporter-output>
        </test-method> <!-- tearDownClass -->
      </class> <!-- runner.CucumberRunnerTests -->
    </test> <!-- Cucumber Test -->
  </suite> <!-- Suite -->
</testng-results>
